<?xml version="1.0" encoding="UTF-8"?>
<!-- Generated by org.testng.reporters.JUnitReportReporter -->
<testsuite hostname="senthilvenu" name="MainTest.TestExcel" tests="1" failures="0" timestamp="4 Aug 2018 23:41:25 GMT" time="0.601" errors="0">
  <testcase name="getdata" time="0.601" classname="MainTest.TestExcel"/>
</testsuite> <!-- MainTest.TestExcel -->
