<?xml version="1.0" encoding="UTF-8"?>
<!-- Generated by org.testng.reporters.JUnitReportReporter -->
<testsuite hostname="senthilvenu" name="Config.Databaseconnecton" tests="1" failures="0" timestamp="12 Jan 2018 19:16:31 GMT" time="0.176" errors="0">
  <testcase name="testDB" time="0.176" classname="Config.Databaseconnecton"/>
</testsuite> <!-- Config.Databaseconnecton -->
